Start testing: May 17 14:44 CEST
----------------------------------------------------------
1/6 Testing: PacketConnectTest
1/6 Test: PacketConnectTest
Command: "/home/trouve_b/Desktop/CPP_project/cpp_indie_studio/tests/PacketConnectTest"
Directory: /home/trouve_b/Desktop/CPP_project/cpp_indie_studio/tests
"PacketConnectTest" start time: May 17 14:44 CEST
Output:
----------------------------------------------------------
Testing PacketConnect
->Serialisation/Deserialitation
<end of output>
Test time =   0.00 sec
----------------------------------------------------------
Test Passed.
"PacketConnectTest" end time: May 17 14:44 CEST
"PacketConnectTest" time elapsed: 00:00:00
----------------------------------------------------------

2/6 Testing: PacketDisconnectTest
2/6 Test: PacketDisconnectTest
Command: "/home/trouve_b/Desktop/CPP_project/cpp_indie_studio/tests/PacketDisconnectTest"
Directory: /home/trouve_b/Desktop/CPP_project/cpp_indie_studio/tests
"PacketDisconnectTest" start time: May 17 14:44 CEST
Output:
----------------------------------------------------------
Testing PacketDisconnect
->Serialisation/Deserialitation
<end of output>
Test time =   0.00 sec
----------------------------------------------------------
Test Passed.
"PacketDisconnectTest" end time: May 17 14:44 CEST
"PacketDisconnectTest" time elapsed: 00:00:00
----------------------------------------------------------

3/6 Testing: PacketHandshakeTest
3/6 Test: PacketHandshakeTest
Command: "/home/trouve_b/Desktop/CPP_project/cpp_indie_studio/tests/PacketHandshakeTest"
Directory: /home/trouve_b/Desktop/CPP_project/cpp_indie_studio/tests
"PacketHandshakeTest" start time: May 17 14:44 CEST
Output:
----------------------------------------------------------
Testing PacketHandshake
->Serialisation/Deserialitation
<end of output>
Test time =   0.00 sec
----------------------------------------------------------
Test Passed.
"PacketHandshakeTest" end time: May 17 14:44 CEST
"PacketHandshakeTest" time elapsed: 00:00:00
----------------------------------------------------------

4/6 Testing: PacketSelectPlayerTest
4/6 Test: PacketSelectPlayerTest
Command: "/home/trouve_b/Desktop/CPP_project/cpp_indie_studio/tests/PacketSelectPlayerTest"
Directory: /home/trouve_b/Desktop/CPP_project/cpp_indie_studio/tests
"PacketSelectPlayerTest" start time: May 17 14:44 CEST
Output:
----------------------------------------------------------
Testing PacketSelectPlayer
->Serialisation/Deserialitation
<end of output>
Test time =   0.00 sec
----------------------------------------------------------
Test Passed.
"PacketSelectPlayerTest" end time: May 17 14:44 CEST
"PacketSelectPlayerTest" time elapsed: 00:00:00
----------------------------------------------------------

5/6 Testing: PacketMapTest
5/6 Test: PacketMapTest
Command: "/home/trouve_b/Desktop/CPP_project/cpp_indie_studio/tests/PacketMapTest"
Directory: /home/trouve_b/Desktop/CPP_project/cpp_indie_studio/tests
"PacketMapTest" start time: May 17 14:44 CEST
Output:
----------------------------------------------------------
Testing PacketMap
->Serialisation/Deserialitation
<end of output>
Test time =   0.00 sec
----------------------------------------------------------
Test Passed.
"PacketMapTest" end time: May 17 14:44 CEST
"PacketMapTest" time elapsed: 00:00:00
----------------------------------------------------------

6/6 Testing: PacketAddPlayerTest
6/6 Test: PacketAddPlayerTest
Command: "/home/trouve_b/Desktop/CPP_project/cpp_indie_studio/tests/PacketAddPlayerTest"
Directory: /home/trouve_b/Desktop/CPP_project/cpp_indie_studio/tests
"PacketAddPlayerTest" start time: May 17 14:44 CEST
Output:
----------------------------------------------------------
Testing PacketMap
->Serialisation/Deserialitation
<end of output>
Test time =   0.00 sec
----------------------------------------------------------
Test Passed.
"PacketAddPlayerTest" end time: May 17 14:44 CEST
"PacketAddPlayerTest" time elapsed: 00:00:00
----------------------------------------------------------

End testing: May 17 14:44 CEST
